<?xml version="1.0" encoding="UTF-8"?>
<testsuite xmlns:xsi="http://www.w3.org/2001/XMLSchema-instance" xsi:noNamespaceSchemaLocation="https://maven.apache.org/surefire/maven-surefire-plugin/xsd/surefire-test-report.xsd" name="DomainLayer.Store.StoreTest" time="0.038" tests="13" errors="0" skipped="0" failures="0">
  <properties>
[...]
</properties>
  <testcase name="testCalcPriceInStore" classname="DomainLayer.Store.StoreTest" time="0.022"/>
  <testcase name="testGetProductByName" classname="DomainLayer.Store.StoreTest" time="0"/>
  <testcase name="testRemoveProduct" classname="DomainLayer.Store.StoreTest" time="0"/>
  <testcase name="testMatchProducts" classname="DomainLayer.Store.StoreTest" time="0"/>
  <testcase name="testCheckProductExists" classname="DomainLayer.Store.StoreTest" time="0"/>
  <testcase name="testUpdateProduct" classname="DomainLayer.Store.StoreTest" time="0"/>
  <testcase name="testGetProducts" classname="DomainLayer.Store.StoreTest" time="0"/>
  <testcase name="testAddProduct" classname="DomainLayer.Store.StoreTest" time="0"/>
  <testcase name="testGetIsOpened" classname="DomainLayer.Store.StoreTest" time="0.016"/>
  <testcase name="testCheckProductQuantity" classname="DomainLayer.Store.StoreTest" time="0"/>
  <testcase name="testCloseStore" classname="DomainLayer.Store.StoreTest" time="0"/>
  <testcase name="testReturnProductToStore" classname="DomainLayer.Store.StoreTest" time="0"/>
  <testcase name="testFilterProducts" classname="DomainLayer.Store.StoreTest" time="0"/>
</testsuite>