<?xml version="1.0" encoding="UTF-8"?>
<testsuite xmlns:xsi="http://www.w3.org/2001/XMLSchema-instance" xsi:noNamespaceSchemaLocation="https://maven.apache.org/surefire/maven-surefire-plugin/xsd/surefire-test-report-3.0.xsd" version="3.0" name="DomainLayer.SupplyServices.ExternalSupplyServicesTests" time="0.683" tests="5" errors="0" skipped="0" failures="0">
  <properties>
[...]
</properties>
  <testcase name="testCheckAreaAvailability_CityNotAvailable" classname="DomainLayer.SupplyServices.ExternalSupplyServicesTests" time="0.651"/>
  <testcase name="testCheckAreaAvailability_CountryNotAvailable" classname="DomainLayer.SupplyServices.ExternalSupplyServicesTests" time="0.0"/>
  <testcase name="testCreateShiftingDetails" classname="DomainLayer.SupplyServices.ExternalSupplyServicesTests" time="0.016"/>
  <testcase name="testCheckAreaAvailability_AreaAvailable" classname="DomainLayer.SupplyServices.ExternalSupplyServicesTests" time="0.0"/>
  <testcase name="testGetLicensedDealerNumber" classname="DomainLayer.SupplyServices.ExternalSupplyServicesTests" time="0.0"/>
</testsuite>